Arguments: 
  /opt/hostedtoolcache/node/14.21.1/x64/bin/node /opt/hostedtoolcache/node/14.21.1/x64/bin/yarn

PATH: 
  /opt/hostedtoolcache/node/14.21.1/x64/bin:/home/runner/.local/bin:/opt/pipx_bin:/home/runner/.cargo/bin:/home/runner/.config/composer/vendor/bin:/usr/local/.ghcup/bin:/home/runner/.dotnet/tools:/snap/bin:/usr/local/sbin:/usr/local/bin:/usr/sbin:/usr/bin:/sbin:/bin:/usr/games:/usr/local/games:/snap/bin

Yarn version: 
  1.22.19

Node version: 
  14.21.1

Platform: 
  linux x64

Trace: 
  Error: https://registry.yarnpkg.com/puppeteer: ETIMEDOUT
      at Timeout._onTimeout (/opt/hostedtoolcache/node/14.21.1/x64/lib/node_modules/yarn/lib/cli.js:141550:19)
      at listOnTimeout (internal/timers.js:557:17)
      at processTimers (internal/timers.js:500:7)

npm manifest: 
  {
    "name": "puppeteer-page-metrics",
    "version": "1.0.0",
    "description": "",
    "main": "index.js",
    "scripts": {
      "test": "echo \"Error: no test specified\" && exit 1"
    },
    "repository": {
      "type": "git",
      "url": "git+https://github.com/twclark0/puppeteer-page-metrics.git"
    },
    "author": "Tyler Clark",
    "license": "ISC",
    "bugs": {
      "url": "https://github.com/twclark0/puppeteer-page-metrics/issues"
    },
    "dependencies": {
      "puppeteer": "^1.0.0"
    }
  }

yarn manifest: 
  No manifest

Lockfile: 
  No lockfile
